<?xml version="1.0" encoding="UTF-8"?>
<!-- Generated by org.testng.reporters.JUnitReportReporter -->
<testsuite skipped="0" hostname="P3A-HQ3PXJ2" name="demoDDT.CallingClassTestMe" tests="3" failures="0" timestamp="24 Sep 2019 10:19:58 GMT" time="29.132" errors="0">
  <testcase name="f" time="11.101" classname="demoDDT.CallingClassTestMe"/>
  <testcase name="f" time="8.953" classname="demoDDT.CallingClassTestMe"/>
  <testcase name="f" time="9.078" classname="demoDDT.CallingClassTestMe"/>
</testsuite> <!-- demoDDT.CallingClassTestMe -->
