<?xml version="1.0" encoding="UTF-8"?>
<!-- Generated by org.testng.reporters.JUnitReportReporter -->
<testsuite skipped="0" hostname="P3A-HQ3PXJ2" name="demoDDT.ReadExcelData" tests="1" failures="0" timestamp="24 Sep 2019 07:15:38 GMT" time="0.790" errors="0">
  <testcase name="f" time="0.790" classname="demoDDT.ReadExcelData"/>
</testsuite> <!-- demoDDT.ReadExcelData -->
