<?xml version="1.0" encoding="UTF-8"?>
<!-- Generated by org.testng.reporters.JUnitReportReporter -->
<testsuite skipped="0" hostname="P3A-HQ3PXJ2" name="demoDDT.TestDemoData" tests="4" failures="0" timestamp="24 Sep 2019 11:22:29 GMT" time="59.133" errors="0">
  <testcase name="first" time="15.230" classname="demoDDT.TestDemoData"/>
  <testcase name="first" time="14.134" classname="demoDDT.TestDemoData"/>
  <testcase name="first" time="14.812" classname="demoDDT.TestDemoData"/>
  <testcase name="first" time="14.957" classname="demoDDT.TestDemoData"/>
</testsuite> <!-- demoDDT.TestDemoData -->
