<?xml version="1.0" encoding="UTF-8"?>
<!-- Generated by org.testng.reporters.JUnitReportReporter -->
<testsuite skipped="0" hostname="P3A-HQ3PXJ2" name="demoWebDriver.DemoNavigation" tests="1" failures="0" timestamp="23 Sep 2019 09:28:17 GMT" time="8.600" errors="0">
  <testcase name="f" time="8.600" classname="demoWebDriver.DemoNavigation"/>
</testsuite> <!-- demoWebDriver.DemoNavigation -->
