<?xml version="1.0" encoding="UTF-8"?>
<!-- Generated by org.testng.reporters.JUnitReportReporter -->
<testsuite skipped="0" hostname="P3A-HQ3PXJ2" name="demoWebDriver.DemoAlert" tests="1" failures="0" timestamp="23 Sep 2019 10:07:39 GMT" time="4.476" errors="0">
  <testcase name="f" time="4.476" classname="demoWebDriver.DemoAlert"/>
</testsuite> <!-- demoWebDriver.DemoAlert -->
