<?xml version="1.0" encoding="UTF-8"?>
<!-- Generated by org.testng.reporters.JUnitReportReporter -->
<testsuite skipped="0" hostname="P3A-HQ3PXJ2" name="demoDDT.createWorkbook" tests="1" failures="0" timestamp="24 Sep 2019 06:55:35 GMT" time="1.310" errors="0">
  <testcase name="f" time="1.310" classname="demoDDT.createWorkbook"/>
</testsuite> <!-- demoDDT.createWorkbook -->
