<?xml version="1.0" encoding="UTF-8"?>
<!-- Generated by org.testng.reporters.JUnitReportReporter -->
<testsuite skipped="0" hostname="P3A-HQ3PXJ2" name="testngFeatures.DemoDataProvider" tests="3" failures="0" timestamp="23 Sep 2019 04:37:27 GMT" time="0.015" errors="0">
  <testcase name="f" time="0.001" classname="testngFeatures.DemoDataProvider"/>
  <testcase name="f" time="0.005" classname="testngFeatures.DemoDataProvider"/>
  <testcase name="f" time="0.009" classname="testngFeatures.DemoDataProvider"/>
</testsuite> <!-- testngFeatures.DemoDataProvider -->
