<?xml version="1.0" encoding="UTF-8"?>
<!-- Generated by org.testng.reporters.JUnitReportReporter -->
<testsuite skipped="0" hostname="P3A-HQ3PXJ2" name="demoDDT.CallingClass" tests="1" failures="0" timestamp="24 Sep 2019 10:06:19 GMT" time="32.120" errors="0">
  <testcase name="f" time="32.120" classname="demoDDT.CallingClass"/>
</testsuite> <!-- demoDDT.CallingClass -->
