<?xml version="1.0" encoding="UTF-8"?>
<!-- Generated by org.testng.reporters.JUnitReportReporter -->
<testsuite skipped="0" hostname="P3A-HQ3PXJ2" name="demoWebDriver.DemoWikipedia" tests="1" failures="0" timestamp="23 Sep 2019 09:15:25 GMT" time="5.324" errors="0">
  <testcase name="f" time="5.324" classname="demoWebDriver.DemoWikipedia"/>
</testsuite> <!-- demoWebDriver.DemoWikipedia -->
