<?xml version="1.0" encoding="UTF-8"?>
<!-- Generated by org.testng.reporters.JUnitReportReporter -->
<testsuite skipped="0" hostname="P3A-HQ3PXJ2" name="demoWebDriver.LoginMercury" tests="1" failures="0" timestamp="23 Sep 2019 05:47:16 GMT" time="15.283" errors="0">
  <testcase name="f" time="15.283" classname="demoWebDriver.LoginMercury"/>
</testsuite> <!-- demoWebDriver.LoginMercury -->
